<?xml version="1.0" encoding="UTF-8"?>
<testng-results ignored="0" total="1" passed="1" failed="0" skipped="0">
  <reporter-output>
  </reporter-output>
  <suite started-at="2022-04-22T15:32:11 CDT" name="runners.RunnerTest" finished-at="2022-04-22T15:32:29 CDT" duration-ms="17503">
    <groups>
      <group name="cucumber">
        <method signature="AbstractTestNGCucumberTests.runScenario(io.cucumber.testng.PickleWrapper,io.cucumber.testng.FeatureWrapper)[pri:0, instance:runners.RunnerTest@6cc7b4de]" name="runScenario" class="io.cucumber.testng.AbstractTestNGCucumberTests"/>
      </group> <!-- cucumber -->
    </groups>
    <test started-at="2022-04-22T15:32:11 CDT" name="Command line test" finished-at="2022-04-22T15:32:29 CDT" duration-ms="17503">
      <class name="runners.RunnerTest">
        <test-method is-config="true" signature="setUpClass(org.testng.ITestContext)[pri:0, instance:runners.RunnerTest@6cc7b4de]" started-at="2022-04-22T15:32:11 CDT" name="setUpClass" finished-at="2022-04-22T15:32:11 CDT" duration-ms="272" status="PASS">
          <params>
            <param index="0">
              <value>
                <![CDATA[org.testng.TestRunner@21edd891]]>
              </value>
            </param>
          </params>
          <reporter-output>
          </reporter-output>
        </test-method> <!-- setUpClass -->
        <test-method is-config="true" signature="setUp(java.lang.String,java.lang.String)[pri:0, instance:runners.RunnerTest@6cc7b4de]" started-at="2022-04-22T15:32:11 CDT" name="setUp" finished-at="2022-04-22T15:32:11 CDT" duration-ms="0" status="PASS">
          <params>
            <param index="0">
              <value>
                <![CDATA[qaweb]]>
              </value>
            </param>
            <param index="1">
              <value>
                <![CDATA[mac]]>
              </value>
            </param>
          </params>
          <reporter-output>
          </reporter-output>
        </test-method> <!-- setUp -->
        <test-method signature="runScenario(io.cucumber.testng.PickleWrapper,io.cucumber.testng.FeatureWrapper)[pri:0, instance:runners.RunnerTest@6cc7b4de]" started-at="2022-04-22T15:32:11 CDT" name="runScenario" description="Runs Cucumber Scenarios" data-provider="scenarios" finished-at="2022-04-22T15:32:29 CDT" duration-ms="17220" status="PASS">
          <params>
            <param index="0">
              <value>
                <![CDATA["Test1"]]>
              </value>
            </param>
            <param index="1">
              <value>
                <![CDATA["Optional[Welcome functionalities]"]]>
              </value>
            </param>
          </params>
          <reporter-output>
          </reporter-output>
        </test-method> <!-- runScenario -->
      </class> <!-- runners.RunnerTest -->
    </test> <!-- Command line test -->
  </suite> <!-- runners.RunnerTest -->
</testng-results>
